[2025-02-27T23:00:13.822+0000] {taskinstance.py:1125} INFO - Dependencies all met for dep_context=non-requeueable deps ti=<TaskInstance: api_to_db_dag.process_daily_data manual__2025-02-27T22:59:57.120161+00:00 [queued]>
[2025-02-27T23:00:13.827+0000] {taskinstance.py:1125} INFO - Dependencies all met for dep_context=requeueable deps ti=<TaskInstance: api_to_db_dag.process_daily_data manual__2025-02-27T22:59:57.120161+00:00 [queued]>
[2025-02-27T23:00:13.827+0000] {taskinstance.py:1331} INFO - Starting attempt 1 of 1
[2025-02-27T23:00:13.834+0000] {taskinstance.py:1350} INFO - Executing <Task(PythonOperator): process_daily_data> on 2025-02-27 22:59:57.120161+00:00
[2025-02-27T23:00:13.839+0000] {clientserver.py:543} INFO - Closing down clientserver connection
[2025-02-27T23:00:13.839+0000] {standard_task_runner.py:57} INFO - Started process 18708 to run task
[2025-02-27T23:00:13.842+0000] {standard_task_runner.py:84} INFO - Running: ['***', 'tasks', 'run', 'api_to_db_dag', 'process_daily_data', 'manual__2025-02-27T22:59:57.120161+00:00', '--job-id', '126', '--raw', '--subdir', 'DAGS_FOLDER/dag.py', '--cfg-path', '/tmp/tmpt6oho_cl']
[2025-02-27T23:00:13.844+0000] {standard_task_runner.py:85} INFO - Job 126: Subtask process_daily_data
[2025-02-27T23:00:13.877+0000] {task_command.py:410} INFO - Running <TaskInstance: api_to_db_dag.process_daily_data manual__2025-02-27T22:59:57.120161+00:00 [running]> on host 53fdc8261bae
[2025-02-27T23:00:13.924+0000] {taskinstance.py:1570} INFO - Exporting env vars: AIRFLOW_CTX_DAG_OWNER='***' AIRFLOW_CTX_DAG_ID='api_to_db_dag' AIRFLOW_CTX_TASK_ID='process_daily_data' AIRFLOW_CTX_EXECUTION_DATE='2025-02-27T22:59:57.120161+00:00' AIRFLOW_CTX_TRY_NUMBER='1' AIRFLOW_CTX_DAG_RUN_ID='manual__2025-02-27T22:59:57.120161+00:00'
[2025-02-27T23:00:17.801+0000] {python.py:183} INFO - Done. Returned value was: DataFrame[station_id: bigint, num_bikes_available: bigint, num_docks_available: bigint, is_installed: bigint, is_returning: bigint, is_renting: bigint, last_reported: bigint, station_code: string, mechanical_bikes_available: bigint, ebikes_available: bigint, name: string, latitude: double, longitude: double, capacity: bigint, station_opening_hours: int]
[2025-02-27T23:00:17.813+0000] {xcom.py:640} ERROR - Object of type DataFrame is not JSON serializable. If you are using pickle instead of JSON for XCom, then you need to enable pickle support for XCom in your *** config or make sure to decorate your object with attr.
[2025-02-27T23:00:17.814+0000] {taskinstance.py:1847} ERROR - Task failed with exception
Traceback (most recent call last):
  File "/home/airflow/.local/lib/python3.7/site-packages/airflow/utils/json.py", line 91, in default
    return serialize(o)
  File "/home/airflow/.local/lib/python3.7/site-packages/airflow/serialization/serde.py", line 171, in serialize
    raise TypeError(f"cannot serialize object of type {cls}")
TypeError: cannot serialize object of type <class 'pyspark.sql.dataframe.DataFrame'>

During handling of the above exception, another exception occurred:

Traceback (most recent call last):
  File "/home/airflow/.local/lib/python3.7/site-packages/airflow/utils/session.py", line 73, in wrapper
    return func(*args, **kwargs)
  File "/home/airflow/.local/lib/python3.7/site-packages/airflow/models/taskinstance.py", line 2384, in xcom_push
    session=session,
  File "/home/airflow/.local/lib/python3.7/site-packages/airflow/utils/session.py", line 73, in wrapper
    return func(*args, **kwargs)
  File "/home/airflow/.local/lib/python3.7/site-packages/airflow/models/xcom.py", line 243, in set
    map_index=map_index,
  File "/home/airflow/.local/lib/python3.7/site-packages/airflow/models/xcom.py", line 632, in serialize_value
    return json.dumps(value, cls=XComEncoder).encode("UTF-8")
  File "/usr/local/lib/python3.7/json/__init__.py", line 238, in dumps
    **kw).encode(obj)
  File "/home/airflow/.local/lib/python3.7/site-packages/airflow/utils/json.py", line 104, in encode
    return super().encode(o)
  File "/usr/local/lib/python3.7/json/encoder.py", line 199, in encode
    chunks = self.iterencode(o, _one_shot=True)
  File "/usr/local/lib/python3.7/json/encoder.py", line 257, in iterencode
    return _iterencode(o, 0)
  File "/home/airflow/.local/lib/python3.7/site-packages/airflow/utils/json.py", line 93, in default
    return super().default(o)
  File "/usr/local/lib/python3.7/json/encoder.py", line 179, in default
    raise TypeError(f'Object of type {o.__class__.__name__} '
TypeError: Object of type DataFrame is not JSON serializable
[2025-02-27T23:00:17.823+0000] {taskinstance.py:1373} INFO - Marking task as FAILED. dag_id=api_to_db_dag, task_id=process_daily_data, execution_date=20250227T225957, start_date=20250227T230013, end_date=20250227T230017
[2025-02-27T23:00:17.835+0000] {standard_task_runner.py:109} ERROR - Failed to execute job 126 for task process_daily_data (Object of type DataFrame is not JSON serializable; 18708)
[2025-02-27T23:00:17.849+0000] {local_task_job_runner.py:232} INFO - Task exited with return code 1
[2025-02-27T23:00:17.863+0000] {taskinstance.py:2674} INFO - 0 downstream tasks scheduled from follow-on schedule check
